<?xml version="1.0" encoding="UTF-8"?>
<!-- Generated by org.testng.reporters.JUnitReportReporter -->
<testsuite hostname="HASSEN-HP" failures="0" tests="2" name="account.gmail.com.Homepage" time="9.386" errors="0" timestamp="2020-04-02T11:07:48 EDT" skipped="0">
  <testcase classname="account.gmail.com.Homepage" name="verifyHomepagetitle" time="0.030"/>
  <system-out/>
  <testcase classname="account.gmail.com.Homepage" name="open_google" time="9.356"/>
  <system-out/>
</testsuite> <!-- account.gmail.com.Homepage -->
